<?xml version="1.0" encoding="UTF-8"?>
<!-- Generated by org.testng.reporters.JUnitReportReporter -->
<testsuite skipped="0" hostname="Abdul" name="second" tests="1" failures="0" timestamp="11 Sep 2018 10:09:33 GMT" time="0.005" errors="0">
  <testcase name="second" time="0.005" classname="second"/>
</testsuite> <!-- second -->
