<?xml version="1.0" encoding="UTF-8"?>
<!-- Generated by org.testng.reporters.JUnitReportReporter -->
<testsuite skipped="0" hostname="Abdul" name="First" tests="1" failures="0" timestamp="05 Sep 2018 07:40:02 GMT" time="15.733" errors="0">
  <testcase name="ak" time="15.733" classname="First"/>
</testsuite> <!-- First -->
