<?xml version="1.0" encoding="UTF-8"?>
<!-- Generated by org.testng.reporters.JUnitReportReporter -->
<testsuite skipped="1" hostname="Abdul" name="AutomationForCart" tests="2" failures="0" timestamp="06 Sep 2018 11:37:35 GMT" time="119.555" errors="0">
  <testcase name="Login" time="119.555" classname="AutomationForCart"/>
  <testcase name="quit" classname="AutomationForCart">
    <skipped/>
  </testcase> <!-- quit -->
</testsuite> <!-- AutomationForCart -->
