<?xml version="1.0" encoding="UTF-8"?>
<!-- Generated by org.testng.reporters.JUnitReportReporter -->
<testsuite skipped="1" hostname="Abdul" name="SkipExample" tests="3" failures="0" timestamp="05 Sep 2018 11:40:53 GMT" time="0.016" errors="0">
  <testcase name="testCaseSkipExceptionnn" time="0.000" classname="SkipExample"/>
  <testcase name="testCaseEnabling" time="0.016" classname="SkipExample"/>
  <testcase name="testCaseSkipException" classname="SkipExample">
    <skipped/>
  </testcase> <!-- testCaseSkipException -->
</testsuite> <!-- SkipExample -->
