<?xml version="1.0" encoding="UTF-8"?>
<!-- Generated by org.testng.reporters.JUnitReportReporter -->
<testsuite skipped="0" hostname="Abdul" name="First" tests="1" failures="0" timestamp="31 Aug 2018 06:06:35 GMT" time="24.991" errors="0">
  <testcase name="ak" time="24.991" classname="First"/>
</testsuite> <!-- First -->
