<?xml version="1.0" encoding="UTF-8"?>
<!-- Generated by org.testng.reporters.JUnitReportReporter -->
<testsuite skipped="0" hostname="Abdul" name="MouseHoverAndDropdown" tests="1" failures="0" timestamp="18 Apr 2018 11:47:13 GMT" time="24.594" errors="0">
  <testcase name="dropdownvalues" time="24.594" classname="MouseHoverAndDropdown"/>
</testsuite> <!-- MouseHoverAndDropdown -->
