<?xml version="1.0" encoding="UTF-8"?>
<!-- Generated by org.testng.reporters.JUnitReportReporter -->
<testsuite skipped="0" hostname="Abdul" name="Dropdown" tests="1" failures="0" timestamp="18 Apr 2018 10:53:14 GMT" time="12.289" errors="0">
  <testcase name="dropdownvalues" time="12.289" classname="Dropdown"/>
</testsuite> <!-- Dropdown -->
