<?xml version="1.0" encoding="UTF-8"?>
<!-- Generated by org.testng.reporters.JUnitReportReporter -->
<testsuite skipped="0" hostname="Abdul" name="Cart" tests="1" failures="0" timestamp="27 Jun 2018 10:56:24 GMT" time="65.111" errors="0">
  <testcase name="Login" time="65.111" classname="Cart"/>
</testsuite> <!-- Cart -->
