<?xml version="1.0" encoding="UTF-8"?>
<!-- Generated by org.testng.reporters.JUnitReportReporter -->
<testsuite skipped="0" hostname="Abdul" name="MercuryTours" tests="2" failures="0" timestamp="29 Oct 2018 09:10:26 GMT" time="31.736" errors="0">
  <testcase name="Start" time="19.935" classname="MercuryTours"/>
  <testcase name="Flights" time="11.801" classname="MercuryTours"/>
</testsuite> <!-- MercuryTours -->
