<?xml version="1.0" encoding="UTF-8"?>
<!-- Generated by org.testng.reporters.JUnitReportReporter -->
<testsuite skipped="0" hostname="Abdul" name="Alerts" tests="1" failures="0" timestamp="01 Aug 2018 06:34:26 GMT" time="18.616" errors="0">
  <testcase name="HandleAlerts" time="18.616" classname="Alerts"/>
</testsuite> <!-- Alerts -->
