<?xml version="1.0" encoding="UTF-8"?>
<!-- Generated by org.testng.reporters.JUnitReportReporter -->
<testsuite skipped="0" hostname="Abdul" name="FB" tests="1" failures="0" timestamp="06 Sep 2018 12:18:22 GMT" time="7.918" errors="0">
  <testcase name="fb" time="7.918" classname="FB"/>
</testsuite> <!-- FB -->
