<?xml version="1.0" encoding="UTF-8"?>
<!-- Generated by org.testng.reporters.JUnitReportReporter -->
<testsuite skipped="0" hostname="Abdul" name="Annotations" tests="2" failures="0" timestamp="05 Sep 2018 07:40:02 GMT" time="0.000" errors="0">
  <testcase name="testCase1" time="0.000" classname="Annotations"/>
  <testcase name="testCase2" time="0.000" classname="Annotations"/>
</testsuite> <!-- Annotations -->
