<?xml version="1.0" encoding="UTF-8"?>
<!-- Generated by org.testng.reporters.JUnitReportReporter -->
<testsuite skipped="0" hostname="Abdul" name="ScrollupandDown" tests="1" failures="0" timestamp="18 Apr 2018 10:30:22 GMT" time="14.065" errors="0">
  <testcase name="Scrolling" time="14.065" classname="ScrollupandDown"/>
</testsuite> <!-- ScrollupandDown -->
