<?xml version="1.0" encoding="UTF-8"?>
<!-- Generated by org.testng.reporters.JUnitReportReporter -->
<testsuite skipped="0" hostname="Abdul" name="Jenkins" tests="1" failures="0" timestamp="29 Aug 2018 07:24:50 GMT" time="0.018" errors="0">
  <testcase name="ak" time="0.018" classname="Jenkins"/>
</testsuite> <!-- Jenkins -->
