<?xml version="1.0" encoding="UTF-8"?>
<!-- Generated by org.testng.reporters.JUnitReportReporter -->
<testsuite skipped="0" hostname="Abdul" name="Annotations" tests="2" failures="0" timestamp="12 Sep 2018 10:32:31 GMT" time="0.001" errors="0">
  <testcase name="testCase2" time="0.001" classname="Annotations"/>
  <testcase name="testCase1" time="0.000" classname="Annotations"/>
</testsuite> <!-- Annotations -->
