<?xml version="1.0" encoding="UTF-8"?>
<!-- Generated by org.testng.reporters.JUnitReportReporter -->
<testsuite skipped="0" hostname="Abdul" name="Alerts" tests="1" failures="0" timestamp="20 Apr 2018 06:57:15 GMT" time="15.240" errors="0">
  <testcase name="HandleAlerts" time="15.240" classname="Alerts"/>
</testsuite> <!-- Alerts -->
