<?xml version="1.0" encoding="UTF-8"?>
<!-- Generated by org.testng.reporters.JUnitReportReporter -->
<testsuite skipped="0" hostname="Abdul" name="NewToursDEMO1" tests="2" failures="0" timestamp="26 Oct 2018 06:17:58 GMT" time="31.192" errors="0">
  <testcase name="register" time="13.177" classname="NewToursDEMO1"/>
  <testcase name="flights" time="18.015" classname="NewToursDEMO1"/>
</testsuite> <!-- NewToursDEMO1 -->
