<?xml version="1.0" encoding="UTF-8"?>
<!-- Generated by org.testng.reporters.JUnitReportReporter -->
<testsuite skipped="0" hostname="Abdul" name="AutomationForCart" tests="1" failures="0" timestamp="06 Mar 2018 06:19:53 GMT" time="78.789" errors="0">
  <testcase name="Login" time="78.789" classname="AutomationForCart"/>
</testsuite> <!-- AutomationForCart -->
