<?xml version="1.0" encoding="UTF-8"?>
<!-- Generated by org.testng.reporters.JUnitReportReporter -->
<testsuite skipped="0" hostname="Abdul" name="jenkinspackage.Jens" tests="1" failures="0" timestamp="29 Aug 2018 07:29:52 GMT" time="0.015" errors="0">
  <testcase name="ak" time="0.015" classname="jenkinspackage.Jens"/>
</testsuite> <!-- jenkinspackage.Jens -->
