<?xml version="1.0" encoding="UTF-8"?>
<!-- Generated by org.testng.reporters.JUnitReportReporter -->
<testsuite skipped="0" hostname="Abdul" name="DoubleClick" tests="1" failures="0" timestamp="20 Apr 2018 06:07:37 GMT" time="22.299" errors="0">
  <testcase name="DClick" time="22.299" classname="DoubleClick"/>
</testsuite> <!-- DoubleClick -->
