<?xml version="1.0" encoding="UTF-8"?>
<!-- Generated by org.testng.reporters.JUnitReportReporter -->
<testsuite skipped="0" hostname="Abdul" name="First" tests="1" failures="0" timestamp="11 Sep 2018 10:09:33 GMT" time="0.010" errors="0">
  <testcase name="ak" time="0.010" classname="First"/>
</testsuite> <!-- First -->
