<?xml version="1.0" encoding="UTF-8"?>
<!-- Generated by org.testng.reporters.JUnitReportReporter -->
<testsuite skipped="0" hostname="Abdul" name="FB" tests="1" failures="0" timestamp="07 Sep 2018 06:16:30 GMT" time="7.863" errors="0">
  <testcase name="fb" time="7.863" classname="FB"/>
</testsuite> <!-- FB -->
