<?xml version="1.0" encoding="UTF-8"?>
<!-- Generated by org.testng.reporters.JUnitReportReporter -->
<testsuite skipped="0" hostname="Abdul" name="CheckBoxPractice" tests="1" failures="0" timestamp="19 Apr 2018 12:07:24 GMT" time="8.883" errors="0">
  <testcase name="chkboxAndScreenshot" time="8.883" classname="CheckBoxPractice"/>
</testsuite> <!-- CheckBoxPractice -->
