<?xml version="1.0" encoding="UTF-8"?>
<!-- Generated by org.testng.reporters.JUnitReportReporter -->
<testsuite skipped="0" hostname="Abdul" name="Annotations" tests="2" failures="0" timestamp="19 Mar 2018 04:06:54 GMT" time="0.013" errors="0">
  <testcase name="testCase1" time="0.008" classname="Annotations"/>
  <testcase name="testCase2" time="0.005" classname="Annotations"/>
</testsuite> <!-- Annotations -->
