<?xml version="1.0" encoding="UTF-8"?>
<!-- Generated by org.testng.reporters.JUnitReportReporter -->
<testsuite skipped="0" hostname="Abdul" name="MercuryTours" tests="2" failures="0" timestamp="26 Oct 2018 12:22:20 GMT" time="22.066" errors="0">
  <testcase name="Start" time="11.046" classname="MercuryTours"/>
  <testcase name="Flights" time="11.020" classname="MercuryTours"/>
</testsuite> <!-- MercuryTours -->
