<?xml version="1.0" encoding="UTF-8"?>
<!-- Generated by org.testng.reporters.JUnitReportReporter -->
<testsuite skipped="0" hostname="Abdul" name="classtwo" tests="1" failures="0" timestamp="12 Sep 2018 10:32:31 GMT" time="0.000" errors="0">
  <testcase name="testone" time="0.000" classname="classtwo"/>
</testsuite> <!-- classtwo -->
