<?xml version="1.0" encoding="UTF-8"?>
<!-- Generated by org.testng.reporters.JUnitReportReporter -->
<testsuite skipped="0" hostname="Abdul" name="First" tests="1" failures="0" timestamp="30 Aug 2018 09:03:25 GMT" time="0.025" errors="0">
  <testcase name="ak" time="0.025" classname="First"/>
</testsuite> <!-- First -->
