<?xml version="1.0" encoding="UTF-8"?>
<!-- Generated by org.testng.reporters.JUnitReportReporter -->
<testsuite skipped="0" hostname="Abdul" name="Cart" tests="1" failures="0" timestamp="08 Aug 2018 07:51:54 GMT" time="93.989" errors="0">
  <testcase name="Login" time="93.989" classname="Cart"/>
</testsuite> <!-- Cart -->
