<?xml version="1.0" encoding="UTF-8"?>
<!-- Generated by org.testng.reporters.JUnitReportReporter -->
<testsuite skipped="0" hostname="Abdul" name="classone" tests="1" failures="0" timestamp="12 Sep 2018 10:43:04 GMT" time="12.293" errors="0">
  <testcase name="start" time="12.293" classname="classone"/>
</testsuite> <!-- classone -->
